<?xml version="1.0" encoding="UTF-8"?>
<!-- Generated by org.testng.reporters.JUnitXMLReporter -->
<testsuite ignored="2" hostname="DESKTOP-4OKG3L1" failures="0" tests="6" name="Test-Runner-Chrome" time="0.179" errors="0" timestamp="2022-01-30T12:09:11 IST">
  <testcase classname="com.crm.ComCast.OrgTest.CreateOrgTest" name="createOrgTest" time="0.01"/>
  <testcase classname="com.crm.ComCast.OrgTest.CreateOrgTest" name="createOrgWithIndustryTest" time="0.011"/>
  <testcase classname="com.crm.ComCast.OrgTest.CreateOrgTest" name="createOrgWithRegionTest" time="0.002"/>
  <testcase classname="com.crm.ComCast.contactTest.CreateContactTest" name="createContactTest" time="0.004"/>
  <testcase classname="com.crm.ComCast.contactTest.CreateContactTest" name="createContactWithOrgTest" time="0.002"/>
  <testcase classname="com.crm.ComCast.contactTest.CreateContactTest" name="createContactWithRegionTest" time="0.003"/>
  <testcase classname="com.crm.genericlibrary.BaseClass" name="@AfterSuite configAs" time="0.0">
    <ignored/>
  </testcase> <!-- @AfterSuite configAs -->
  <testcase classname="com.crm.genericlibrary.BaseClass" name="@BeforeSuite configBs" time="0.0">
    <ignored/>
  </testcase> <!-- @BeforeSuite configBs -->
</testsuite> <!-- Test-Runner-Chrome -->
