<?xml version="1.0" encoding="UTF-8"?>
<!-- Generated by org.testng.reporters.JUnitXMLReporter -->
<testsuite ignored="6" hostname="DESKTOP-4OKG3L1" failures="0" tests="2" name="Test" time="0.082" errors="0" timestamp="2022-01-30T11:49:43 IST">
  <testcase classname="com.crm.ComCast.OrgTest.CreateOrgTest" name="createOrgWithIndustryTest" time="0.007"/>
  <testcase classname="com.crm.ComCast.contactTest.CreateContactTest" name="createContactWithOrgTest" time="0.003"/>
  <testcase classname="com.crm.genericlibrary.BaseClass" name="@AfterSuite configAs" time="0.0">
    <ignored/>
  </testcase> <!-- @AfterSuite configAs -->
  <testcase classname="com.crm.genericlibrary.BaseClass" name="@BeforeSuite configBs" time="0.0">
    <ignored/>
  </testcase> <!-- @BeforeSuite configBs -->
  <testcase classname="com.crm.ComCast.OrgTest.CreateOrgTest" name="createOrgWithRegionTest" time="0.0">
    <ignored/>
  </testcase> <!-- createOrgWithRegionTest -->
  <testcase classname="com.crm.ComCast.contactTest.CreateContactTest" name="createContactTest" time="0.0">
    <ignored/>
  </testcase> <!-- createContactTest -->
  <testcase classname="com.crm.ComCast.contactTest.CreateContactTest" name="createContactWithRegionTest" time="0.0">
    <ignored/>
  </testcase> <!-- createContactWithRegionTest -->
  <testcase classname="com.crm.ComCast.OrgTest.CreateOrgTest" name="createOrgTest" time="0.0">
    <ignored/>
  </testcase> <!-- createOrgTest -->
</testsuite> <!-- Test -->
