<?xml version="1.0" encoding="UTF-8"?>
<testng-results ignored="4" total="16" passed="12" failed="0" skipped="0">
  <reporter-output>
  </reporter-output>
  <suite started-at="2022-01-30T12:09:11 IST" name="Suite" finished-at="2022-01-30T12:09:11 IST" duration-ms="179">
    <groups>
      <group name="regressionTest">
        <method signature="CreateContactTest.createContactWithOrgTest()[pri:0, instance:com.crm.ComCast.contactTest.CreateContactTest@6f46426d]" name="createContactWithOrgTest" class="com.crm.ComCast.contactTest.CreateContactTest"/>
        <method signature="CreateContactTest.createContactWithRegionTest()[pri:0, instance:com.crm.ComCast.contactTest.CreateContactTest@6f46426d]" name="createContactWithRegionTest" class="com.crm.ComCast.contactTest.CreateContactTest"/>
        <method signature="CreateOrgTest.createOrgWithIndustryTest()[pri:0, instance:com.crm.ComCast.OrgTest.CreateOrgTest@1e683a3e]" name="createOrgWithIndustryTest" class="com.crm.ComCast.OrgTest.CreateOrgTest"/>
        <method signature="CreateOrgTest.createOrgWithRegionTest()[pri:0, instance:com.crm.ComCast.OrgTest.CreateOrgTest@1e683a3e]" name="createOrgWithRegionTest" class="com.crm.ComCast.OrgTest.CreateOrgTest"/>
        <method signature="CreateContactTest.createContactWithOrgTest()[pri:0, instance:com.crm.ComCast.contactTest.CreateContactTest@a530d0a]" name="createContactWithOrgTest" class="com.crm.ComCast.contactTest.CreateContactTest"/>
        <method signature="CreateContactTest.createContactWithRegionTest()[pri:0, instance:com.crm.ComCast.contactTest.CreateContactTest@a530d0a]" name="createContactWithRegionTest" class="com.crm.ComCast.contactTest.CreateContactTest"/>
        <method signature="CreateOrgTest.createOrgWithIndustryTest()[pri:0, instance:com.crm.ComCast.OrgTest.CreateOrgTest@2f217633]" name="createOrgWithIndustryTest" class="com.crm.ComCast.OrgTest.CreateOrgTest"/>
        <method signature="CreateOrgTest.createOrgWithRegionTest()[pri:0, instance:com.crm.ComCast.OrgTest.CreateOrgTest@2f217633]" name="createOrgWithRegionTest" class="com.crm.ComCast.OrgTest.CreateOrgTest"/>
      </group> <!-- regressionTest -->
      <group name="smokeTest">
        <method signature="CreateContactTest.createContactTest()[pri:0, instance:com.crm.ComCast.contactTest.CreateContactTest@6f46426d]" name="createContactTest" class="com.crm.ComCast.contactTest.CreateContactTest"/>
        <method signature="CreateOrgTest.createOrgTest()[pri:0, instance:com.crm.ComCast.OrgTest.CreateOrgTest@1e683a3e]" name="createOrgTest" class="com.crm.ComCast.OrgTest.CreateOrgTest"/>
        <method signature="CreateContactTest.createContactTest()[pri:0, instance:com.crm.ComCast.contactTest.CreateContactTest@a530d0a]" name="createContactTest" class="com.crm.ComCast.contactTest.CreateContactTest"/>
        <method signature="CreateOrgTest.createOrgTest()[pri:0, instance:com.crm.ComCast.OrgTest.CreateOrgTest@2f217633]" name="createOrgTest" class="com.crm.ComCast.OrgTest.CreateOrgTest"/>
      </group> <!-- smokeTest -->
    </groups>
    <test started-at="2022-01-30T12:09:11 IST" name="Test-Runner-Firefox" finished-at="2022-01-30T12:09:11 IST" duration-ms="179">
      <class name="com.crm.ComCast.contactTest.CreateContactTest">
        <test-method is-config="true" signature="configBc()[pri:0, instance:com.crm.ComCast.contactTest.CreateContactTest@a530d0a]" started-at="2022-01-30T12:09:11 IST" name="configBc" finished-at="2022-01-30T12:09:11 IST" duration-ms="1" status="PASS">
          <reporter-output>
          </reporter-output>
        </test-method> <!-- configBc -->
        <test-method is-config="true" signature="configBm()[pri:0, instance:com.crm.ComCast.contactTest.CreateContactTest@a530d0a]" started-at="2022-01-30T12:09:11 IST" name="configBm" finished-at="2022-01-30T12:09:11 IST" duration-ms="3" status="PASS">
          <reporter-output>
          </reporter-output>
        </test-method> <!-- configBm -->
        <test-method signature="createContactTest()[pri:0, instance:com.crm.ComCast.contactTest.CreateContactTest@a530d0a]" started-at="2022-01-30T12:09:11 IST" name="createContactTest" finished-at="2022-01-30T12:09:11 IST" duration-ms="5" status="PASS">
          <reporter-output>
          </reporter-output>
        </test-method> <!-- createContactTest -->
        <test-method is-config="true" signature="configBm()[pri:0, instance:com.crm.ComCast.contactTest.CreateContactTest@a530d0a]" started-at="2022-01-30T12:09:11 IST" name="configBm" finished-at="2022-01-30T12:09:11 IST" duration-ms="1" status="PASS">
          <reporter-output>
          </reporter-output>
        </test-method> <!-- configBm -->
        <test-method is-config="true" signature="configAm()[pri:0, instance:com.crm.ComCast.contactTest.CreateContactTest@a530d0a]" started-at="2022-01-30T12:09:11 IST" name="configAm" finished-at="2022-01-30T12:09:11 IST" duration-ms="0" status="PASS">
          <reporter-output>
          </reporter-output>
        </test-method> <!-- configAm -->
        <test-method signature="createContactWithOrgTest()[pri:0, instance:com.crm.ComCast.contactTest.CreateContactTest@a530d0a]" started-at="2022-01-30T12:09:11 IST" name="createContactWithOrgTest" finished-at="2022-01-30T12:09:11 IST" duration-ms="3" status="PASS">
          <reporter-output>
          </reporter-output>
        </test-method> <!-- createContactWithOrgTest -->
        <test-method is-config="true" signature="configAm()[pri:0, instance:com.crm.ComCast.contactTest.CreateContactTest@a530d0a]" started-at="2022-01-30T12:09:11 IST" name="configAm" finished-at="2022-01-30T12:09:11 IST" duration-ms="5" status="PASS">
          <reporter-output>
          </reporter-output>
        </test-method> <!-- configAm -->
        <test-method is-config="true" signature="configBm()[pri:0, instance:com.crm.ComCast.contactTest.CreateContactTest@a530d0a]" started-at="2022-01-30T12:09:11 IST" name="configBm" finished-at="2022-01-30T12:09:11 IST" duration-ms="6" status="PASS">
          <reporter-output>
          </reporter-output>
        </test-method> <!-- configBm -->
        <test-method signature="createContactWithRegionTest()[pri:0, instance:com.crm.ComCast.contactTest.CreateContactTest@a530d0a]" started-at="2022-01-30T12:09:11 IST" name="createContactWithRegionTest" finished-at="2022-01-30T12:09:11 IST" duration-ms="2" status="PASS">
          <reporter-output>
          </reporter-output>
        </test-method> <!-- createContactWithRegionTest -->
        <test-method is-config="true" signature="configAm()[pri:0, instance:com.crm.ComCast.contactTest.CreateContactTest@a530d0a]" started-at="2022-01-30T12:09:11 IST" name="configAm" finished-at="2022-01-30T12:09:11 IST" duration-ms="1" status="PASS">
          <reporter-output>
          </reporter-output>
        </test-method> <!-- configAm -->
        <test-method is-config="true" signature="configAc()[pri:0, instance:com.crm.ComCast.contactTest.CreateContactTest@a530d0a]" started-at="2022-01-30T12:09:11 IST" name="configAc" finished-at="2022-01-30T12:09:11 IST" duration-ms="3" status="PASS">
          <reporter-output>
          </reporter-output>
        </test-method> <!-- configAc -->
      </class> <!-- com.crm.ComCast.contactTest.CreateContactTest -->
      <class name="com.crm.ComCast.OrgTest.CreateOrgTest">
        <test-method is-config="true" signature="configBs()[pri:0, instance:com.crm.ComCast.OrgTest.CreateOrgTest@2f217633]" started-at="2022-01-30T12:09:11 IST" name="configBs" finished-at="2022-01-30T12:09:11 IST" duration-ms="10" status="PASS">
          <reporter-output>
          </reporter-output>
        </test-method> <!-- configBs -->
        <test-method is-config="true" signature="configBc()[pri:0, instance:com.crm.ComCast.OrgTest.CreateOrgTest@2f217633]" started-at="2022-01-30T12:09:11 IST" name="configBc" finished-at="2022-01-30T12:09:11 IST" duration-ms="1" status="PASS">
          <reporter-output>
          </reporter-output>
        </test-method> <!-- configBc -->
        <test-method is-config="true" signature="configBm()[pri:0, instance:com.crm.ComCast.OrgTest.CreateOrgTest@2f217633]" started-at="2022-01-30T12:09:11 IST" name="configBm" finished-at="2022-01-30T12:09:11 IST" duration-ms="0" status="PASS">
          <reporter-output>
          </reporter-output>
        </test-method> <!-- configBm -->
        <test-method signature="createOrgTest()[pri:0, instance:com.crm.ComCast.OrgTest.CreateOrgTest@2f217633]" started-at="2022-01-30T12:09:11 IST" name="createOrgTest" finished-at="2022-01-30T12:09:11 IST" duration-ms="8" status="PASS">
          <reporter-output>
          </reporter-output>
        </test-method> <!-- createOrgTest -->
        <test-method is-config="true" signature="configAm()[pri:0, instance:com.crm.ComCast.OrgTest.CreateOrgTest@2f217633]" started-at="2022-01-30T12:09:11 IST" name="configAm" finished-at="2022-01-30T12:09:11 IST" duration-ms="6" status="PASS">
          <reporter-output>
          </reporter-output>
        </test-method> <!-- configAm -->
        <test-method signature="createOrgWithIndustryTest()[pri:0, instance:com.crm.ComCast.OrgTest.CreateOrgTest@2f217633]" started-at="2022-01-30T12:09:11 IST" name="createOrgWithIndustryTest" finished-at="2022-01-30T12:09:11 IST" duration-ms="4" status="PASS">
          <reporter-output>
          </reporter-output>
        </test-method> <!-- createOrgWithIndustryTest -->
        <test-method is-config="true" signature="configBm()[pri:0, instance:com.crm.ComCast.OrgTest.CreateOrgTest@2f217633]" started-at="2022-01-30T12:09:11 IST" name="configBm" finished-at="2022-01-30T12:09:11 IST" duration-ms="0" status="PASS">
          <reporter-output>
          </reporter-output>
        </test-method> <!-- configBm -->
        <test-method is-config="true" signature="configAm()[pri:0, instance:com.crm.ComCast.OrgTest.CreateOrgTest@2f217633]" started-at="2022-01-30T12:09:11 IST" name="configAm" finished-at="2022-01-30T12:09:11 IST" duration-ms="1" status="PASS">
          <reporter-output>
          </reporter-output>
        </test-method> <!-- configAm -->
        <test-method is-config="true" signature="configBm()[pri:0, instance:com.crm.ComCast.OrgTest.CreateOrgTest@2f217633]" started-at="2022-01-30T12:09:11 IST" name="configBm" finished-at="2022-01-30T12:09:11 IST" duration-ms="1" status="PASS">
          <reporter-output>
          </reporter-output>
        </test-method> <!-- configBm -->
        <test-method signature="createOrgWithRegionTest()[pri:0, instance:com.crm.ComCast.OrgTest.CreateOrgTest@2f217633]" started-at="2022-01-30T12:09:11 IST" name="createOrgWithRegionTest" finished-at="2022-01-30T12:09:11 IST" duration-ms="4" status="PASS">
          <reporter-output>
          </reporter-output>
        </test-method> <!-- createOrgWithRegionTest -->
        <test-method is-config="true" signature="configAm()[pri:0, instance:com.crm.ComCast.OrgTest.CreateOrgTest@2f217633]" started-at="2022-01-30T12:09:11 IST" name="configAm" finished-at="2022-01-30T12:09:11 IST" duration-ms="1" status="PASS">
          <reporter-output>
          </reporter-output>
        </test-method> <!-- configAm -->
        <test-method is-config="true" signature="configAc()[pri:0, instance:com.crm.ComCast.OrgTest.CreateOrgTest@2f217633]" started-at="2022-01-30T12:09:11 IST" name="configAc" finished-at="2022-01-30T12:09:11 IST" duration-ms="1" status="PASS">
          <reporter-output>
          </reporter-output>
        </test-method> <!-- configAc -->
        <test-method is-config="true" signature="configAs()[pri:0, instance:com.crm.ComCast.OrgTest.CreateOrgTest@2f217633]" started-at="2022-01-30T12:09:11 IST" name="configAs" finished-at="2022-01-30T12:09:11 IST" duration-ms="1" status="PASS">
          <reporter-output>
          </reporter-output>
        </test-method> <!-- configAs -->
      </class> <!-- com.crm.ComCast.OrgTest.CreateOrgTest -->
    </test> <!-- Test-Runner-Firefox -->
    <test started-at="2022-01-30T12:09:11 IST" name="Test-Runner-Chrome" finished-at="2022-01-30T12:09:11 IST" duration-ms="179">
      <class name="com.crm.ComCast.OrgTest.CreateOrgTest">
        <test-method is-config="true" signature="configBc()[pri:0, instance:com.crm.ComCast.OrgTest.CreateOrgTest@1e683a3e]" started-at="2022-01-30T12:09:11 IST" name="configBc" finished-at="2022-01-30T12:09:11 IST" duration-ms="1" status="PASS">
          <reporter-output>
          </reporter-output>
        </test-method> <!-- configBc -->
        <test-method is-config="true" signature="configBm()[pri:0, instance:com.crm.ComCast.OrgTest.CreateOrgTest@1e683a3e]" started-at="2022-01-30T12:09:11 IST" name="configBm" finished-at="2022-01-30T12:09:11 IST" duration-ms="0" status="PASS">
          <reporter-output>
          </reporter-output>
        </test-method> <!-- configBm -->
        <test-method signature="createOrgTest()[pri:0, instance:com.crm.ComCast.OrgTest.CreateOrgTest@1e683a3e]" started-at="2022-01-30T12:09:11 IST" name="createOrgTest" finished-at="2022-01-30T12:09:11 IST" duration-ms="10" status="PASS">
          <reporter-output>
          </reporter-output>
        </test-method> <!-- createOrgTest -->
        <test-method is-config="true" signature="configAm()[pri:0, instance:com.crm.ComCast.OrgTest.CreateOrgTest@1e683a3e]" started-at="2022-01-30T12:09:11 IST" name="configAm" finished-at="2022-01-30T12:09:11 IST" duration-ms="11" status="PASS">
          <reporter-output>
          </reporter-output>
        </test-method> <!-- configAm -->
        <test-method is-config="true" signature="configBm()[pri:0, instance:com.crm.ComCast.OrgTest.CreateOrgTest@1e683a3e]" started-at="2022-01-30T12:09:11 IST" name="configBm" finished-at="2022-01-30T12:09:11 IST" duration-ms="1" status="PASS">
          <reporter-output>
          </reporter-output>
        </test-method> <!-- configBm -->
        <test-method signature="createOrgWithIndustryTest()[pri:0, instance:com.crm.ComCast.OrgTest.CreateOrgTest@1e683a3e]" started-at="2022-01-30T12:09:11 IST" name="createOrgWithIndustryTest" finished-at="2022-01-30T12:09:11 IST" duration-ms="11" status="PASS">
          <reporter-output>
          </reporter-output>
        </test-method> <!-- createOrgWithIndustryTest -->
        <test-method is-config="true" signature="configAm()[pri:0, instance:com.crm.ComCast.OrgTest.CreateOrgTest@1e683a3e]" started-at="2022-01-30T12:09:11 IST" name="configAm" finished-at="2022-01-30T12:09:11 IST" duration-ms="1" status="PASS">
          <reporter-output>
          </reporter-output>
        </test-method> <!-- configAm -->
        <test-method is-config="true" signature="configBm()[pri:0, instance:com.crm.ComCast.OrgTest.CreateOrgTest@1e683a3e]" started-at="2022-01-30T12:09:11 IST" name="configBm" finished-at="2022-01-30T12:09:11 IST" duration-ms="1" status="PASS">
          <reporter-output>
          </reporter-output>
        </test-method> <!-- configBm -->
        <test-method signature="createOrgWithRegionTest()[pri:0, instance:com.crm.ComCast.OrgTest.CreateOrgTest@1e683a3e]" started-at="2022-01-30T12:09:11 IST" name="createOrgWithRegionTest" finished-at="2022-01-30T12:09:11 IST" duration-ms="2" status="PASS">
          <reporter-output>
          </reporter-output>
        </test-method> <!-- createOrgWithRegionTest -->
        <test-method is-config="true" signature="configAm()[pri:0, instance:com.crm.ComCast.OrgTest.CreateOrgTest@1e683a3e]" started-at="2022-01-30T12:09:11 IST" name="configAm" finished-at="2022-01-30T12:09:11 IST" duration-ms="5" status="PASS">
          <reporter-output>
          </reporter-output>
        </test-method> <!-- configAm -->
        <test-method is-config="true" signature="configAc()[pri:0, instance:com.crm.ComCast.OrgTest.CreateOrgTest@1e683a3e]" started-at="2022-01-30T12:09:11 IST" name="configAc" finished-at="2022-01-30T12:09:11 IST" duration-ms="0" status="PASS">
          <reporter-output>
          </reporter-output>
        </test-method> <!-- configAc -->
      </class> <!-- com.crm.ComCast.OrgTest.CreateOrgTest -->
      <class name="com.crm.ComCast.contactTest.CreateContactTest">
        <test-method is-config="true" signature="configBc()[pri:0, instance:com.crm.ComCast.contactTest.CreateContactTest@6f46426d]" started-at="2022-01-30T12:09:11 IST" name="configBc" finished-at="2022-01-30T12:09:11 IST" duration-ms="1" status="PASS">
          <reporter-output>
          </reporter-output>
        </test-method> <!-- configBc -->
        <test-method is-config="true" signature="configBm()[pri:0, instance:com.crm.ComCast.contactTest.CreateContactTest@6f46426d]" started-at="2022-01-30T12:09:11 IST" name="configBm" finished-at="2022-01-30T12:09:11 IST" duration-ms="1" status="PASS">
          <reporter-output>
          </reporter-output>
        </test-method> <!-- configBm -->
        <test-method signature="createContactTest()[pri:0, instance:com.crm.ComCast.contactTest.CreateContactTest@6f46426d]" started-at="2022-01-30T12:09:11 IST" name="createContactTest" finished-at="2022-01-30T12:09:11 IST" duration-ms="4" status="PASS">
          <reporter-output>
          </reporter-output>
        </test-method> <!-- createContactTest -->
        <test-method is-config="true" signature="configAm()[pri:0, instance:com.crm.ComCast.contactTest.CreateContactTest@6f46426d]" started-at="2022-01-30T12:09:11 IST" name="configAm" finished-at="2022-01-30T12:09:11 IST" duration-ms="0" status="PASS">
          <reporter-output>
          </reporter-output>
        </test-method> <!-- configAm -->
        <test-method is-config="true" signature="configBm()[pri:0, instance:com.crm.ComCast.contactTest.CreateContactTest@6f46426d]" started-at="2022-01-30T12:09:11 IST" name="configBm" finished-at="2022-01-30T12:09:11 IST" duration-ms="0" status="PASS">
          <reporter-output>
          </reporter-output>
        </test-method> <!-- configBm -->
        <test-method signature="createContactWithOrgTest()[pri:0, instance:com.crm.ComCast.contactTest.CreateContactTest@6f46426d]" started-at="2022-01-30T12:09:11 IST" name="createContactWithOrgTest" finished-at="2022-01-30T12:09:11 IST" duration-ms="2" status="PASS">
          <reporter-output>
          </reporter-output>
        </test-method> <!-- createContactWithOrgTest -->
        <test-method is-config="true" signature="configAm()[pri:0, instance:com.crm.ComCast.contactTest.CreateContactTest@6f46426d]" started-at="2022-01-30T12:09:11 IST" name="configAm" finished-at="2022-01-30T12:09:11 IST" duration-ms="2" status="PASS">
          <reporter-output>
          </reporter-output>
        </test-method> <!-- configAm -->
        <test-method signature="createContactWithRegionTest()[pri:0, instance:com.crm.ComCast.contactTest.CreateContactTest@6f46426d]" started-at="2022-01-30T12:09:11 IST" name="createContactWithRegionTest" finished-at="2022-01-30T12:09:11 IST" duration-ms="3" status="PASS">
          <reporter-output>
          </reporter-output>
        </test-method> <!-- createContactWithRegionTest -->
        <test-method is-config="true" signature="configBm()[pri:0, instance:com.crm.ComCast.contactTest.CreateContactTest@6f46426d]" started-at="2022-01-30T12:09:11 IST" name="configBm" finished-at="2022-01-30T12:09:11 IST" duration-ms="0" status="PASS">
          <reporter-output>
          </reporter-output>
        </test-method> <!-- configBm -->
        <test-method is-config="true" signature="configAm()[pri:0, instance:com.crm.ComCast.contactTest.CreateContactTest@6f46426d]" started-at="2022-01-30T12:09:11 IST" name="configAm" finished-at="2022-01-30T12:09:11 IST" duration-ms="1" status="PASS">
          <reporter-output>
          </reporter-output>
        </test-method> <!-- configAm -->
        <test-method is-config="true" signature="configAc()[pri:0, instance:com.crm.ComCast.contactTest.CreateContactTest@6f46426d]" started-at="2022-01-30T12:09:11 IST" name="configAc" finished-at="2022-01-30T12:09:11 IST" duration-ms="0" status="PASS">
          <reporter-output>
          </reporter-output>
        </test-method> <!-- configAc -->
      </class> <!-- com.crm.ComCast.contactTest.CreateContactTest -->
    </test> <!-- Test-Runner-Chrome -->
  </suite> <!-- Suite -->
</testng-results>
